********************************************************************************
depSolver Version 2.0.

Copyright 2006, 2008 Carlos Rosales Fernandez and IHPC (A*STAR).
License: GNU GPL version 3 or later <http://gnu.org/licenses/gpl.html>.
This is free software: you are free to change and redistribute it.
There is NO WARRANTY, to the extent permitted by law.
********************************************************************************

depSolver(): started @ Wed Jun 18 11:43:45 2008

Using 5202 nodes and 2500 tria6 elements to solve AC electrostatic problem
Number of interfaces: 0
Number of different materials: 1

depSolver(): performing matrix assembly ...
depSolver(): solving linear system with GMRES ...
depSolver(): performing postProcessing tasks ...

*** depSolver(): performance analysis ***
TIME READING INPUT: 		0.0 seconds
TIME IN ASSEMBLY: 		10.3 seconds
TIME IN SOLVER: 		5.7 seconds
TIME IN POST-PROCESSING: 	0.1 seconds
TOTAL EXECUTION TIME: 		16.1 seconds

depSolver(): finished @ Wed Jun 18 11:44:02 2008


********************************************************************************

