********************************************************************************
depSolver Version 2.0.

Copyright 2006, 2008 Carlos Rosales Fernandez and IHPC (A*STAR).
License: GNU GPL version 3 or later <http://gnu.org/licenses/gpl.html>.
This is free software: you are free to change and redistribute it.
There is NO WARRANTY, to the extent permitted by law.
********************************************************************************

depSolver(): started @ Wed Jun 18 11:38:36 2008

Using 7803 nodes and 15000 tria3 elements to solve AC electrostatic problem
Number of interfaces: 1
Number of different materials: 2

depSolver(): performing matrix assembly ...
depSolver(): solving linear system with GMRES ...
depSolver(): performing postProcessing tasks ...

*** depSolver(): performance analysis ***
TIME READING INPUT: 		0.1 seconds
TIME IN ASSEMBLY: 		1 m 19.6 s
TIME IN SOLVER: 		14.7 seconds
TIME IN POST-PROCESSING: 	0.5 seconds
TOTAL EXECUTION TIME: 	1 m 34.9 s

depSolver(): finished @ Wed Jun 18 11:40:12 2008


********************************************************************************

