********************************************************************************
depSolver Version 2.0.

Copyright 2006, 2008 Carlos Rosales Fernandez and IHPC (A*STAR).
License: GNU GPL version 3 or later <http://gnu.org/licenses/gpl.html>.
This is free software: you are free to change and redistribute it.
There is NO WARRANTY, to the extent permitted by law.
********************************************************************************

depSolver(): started @ Wed Jun 18 11:28:46 2008

Using 956 nodes and 1676 tria3 elements to solve AC electrostatic problem
Number of interfaces: 1
Number of different materials: 2

depSolver(): performing matrix assembly ...
depSolver(): solving linear system with GMRES ...
depSolver(): performing postProcessing tasks ...

*** depSolver(): performance analysis ***
TIME READING INPUT: 		0.0 seconds
TIME IN ASSEMBLY: 		1.8 seconds
TIME IN SOLVER: 		0.3 seconds
TIME IN POST-PROCESSING: 	1.2 seconds
TOTAL EXECUTION TIME: 		3.3 seconds

depSolver(): finished @ Wed Jun 18 11:28:50 2008


********************************************************************************

