This is pdfeTeX, Version 3.141592-1.21a-2.2 (Web2C 7.5.4) (format=latex 2006.6.28)  1 AUG 2006 09:19
entering extended mode
**dep-electric.tex
(./dep-electric.tex
LaTeX2e <2003/12/01>
Babel <v3.8d> and hyphenation patterns for american, french, german, ngerman, b
ahasa, basque, bulgarian, catalan, croatian, czech, danish, dutch, esperanto, e
stonian, finnish, greek, icelandic, irish, italian, latin, magyar, norsk, polis
h, portuges, romanian, russian, serbian, slovak, slovene, spanish, swedish, tur
kish, ukrainian, nohyphenation, loaded.
(/usr/share/texmf/tex/latex/base/article.cls
Document Class: article 2004/02/16 v1.4f Standard LaTeX document class
(/usr/share/texmf/tex/latex/base/size12.clo
File: size12.clo 2004/02/16 v1.4f Standard LaTeX file (size option)
)
\c@part=\count79
\c@section=\count80
\c@subsection=\count81
\c@subsubsection=\count82
\c@paragraph=\count83
\c@subparagraph=\count84
\c@figure=\count85
\c@table=\count86
\abovecaptionskip=\skip41
\belowcaptionskip=\skip42
\bibindent=\dimen102
)
(/usr/share/texmf/tex/latex/graphics/color.sty
Package: color 1999/02/16 v1.0i Standard LaTeX Color (DPC)

(/usr/share/texmf/tex/latex/graphics/color.cfg
File: color.cfg 2005/02/03 v1.3 color configuration of teTeX/TeXLive
)
Package color Info: Driver file: dvips.def on input line 125.

(/usr/share/texmf/tex/latex/graphics/dvips.def
File: dvips.def 1999/02/16 v3.0i Driver-dependant file (DPC,SPQR)
)
(/usr/share/texmf/tex/latex/graphics/dvipsnam.def
File: dvipsnam.def 1999/02/16 v3.0i Driver-dependant file (DPC,SPQR)
))
(/usr/share/texmf/tex/latex/graphics/graphicx.sty
Package: graphicx 1999/02/16 v1.0f Enhanced LaTeX Graphics (DPC,SPQR)

(/usr/share/texmf/tex/latex/graphics/keyval.sty
Package: keyval 1999/03/16 v1.13 key=value parser (DPC)
\KV@toks@=\toks14
)
(/usr/share/texmf/tex/latex/graphics/graphics.sty
Package: graphics 2001/07/07 v1.0n Standard LaTeX Graphics (DPC,SPQR)

(/usr/share/texmf/tex/latex/graphics/trig.sty
Package: trig 1999/03/16 v1.09 sin cos tan (DPC)
)
(/usr/share/texmf/tex/latex/graphics/graphics.cfg
File: graphics.cfg 2005/02/03 v1.3 graphics configuration of teTeX/TeXLive
)
Package graphics Info: Driver file: pdftex.def on input line 80.

(/usr/share/texmf/tex/latex/graphics/pdftex.def
File: pdftex.def 2002/06/19 v0.03k graphics/color for pdftex
\Gread@gobject=\count87
))
\Gin@req@height=\dimen103
\Gin@req@width=\dimen104
) (./dep-electric.aux)
\openout1 = `dep-electric.aux'.

LaTeX Font Info:    Checking defaults for OML/cmm/m/it on input line 16.
LaTeX Font Info:    ... okay on input line 16.
LaTeX Font Info:    Checking defaults for T1/cmr/m/n on input line 16.
LaTeX Font Info:    ... okay on input line 16.
LaTeX Font Info:    Checking defaults for OT1/cmr/m/n on input line 16.
LaTeX Font Info:    ... okay on input line 16.
LaTeX Font Info:    Checking defaults for OMS/cmsy/m/n on input line 16.
LaTeX Font Info:    ... okay on input line 16.
LaTeX Font Info:    Checking defaults for OMX/cmex/m/n on input line 16.
LaTeX Font Info:    ... okay on input line 16.
LaTeX Font Info:    Checking defaults for U/cmr/m/n on input line 16.
LaTeX Font Info:    ... okay on input line 16.

(/usr/share/texmf/tex/context/base/supp-pdf.tex
(/usr/share/texmf/tex/context/base/supp-mis.tex
loading : Context Support Macros / Miscellaneous (2004.10.26)
\protectiondepth=\count88
\scratchcounter=\count89
\scratchtoks=\toks15
\scratchdimen=\dimen105
\scratchskip=\skip43
\scratchmuskip=\muskip10
\scratchbox=\box26
\scratchread=\read1
\scratchwrite=\write3
\zeropoint=\dimen106
\onepoint=\dimen107
\onebasepoint=\dimen108
\minusone=\count90
\thousandpoint=\dimen109
\onerealpoint=\dimen110
\emptytoks=\toks16
\nextbox=\box27
\nextdepth=\dimen111
\everyline=\toks17
\!!counta=\count91
\!!countb=\count92
\recursecounter=\count93
)
loading : Context Support Macros / PDF (2004.03.26)
\nofMPsegments=\count94
\nofMParguments=\count95
\MPscratchCnt=\count96
\MPscratchDim=\dimen112
\MPnumerator=\count97
\everyMPtoPDFconversion=\toks18
) [1

{/usr/share/texmf-var/fonts/map/pdftex/updmap/pdftex.map}] [1]
(./dep-electric.toc
LaTeX Font Info:    External font `cmex10' loaded for size
(Font)              <12> on input line 2.
LaTeX Font Info:    External font `cmex10' loaded for size
(Font)              <8> on input line 2.
LaTeX Font Info:    External font `cmex10' loaded for size
(Font)              <6> on input line 2.
 [2])
\tf@toc=\write4
\openout4 = `dep-electric.toc'.

 [3]
Overfull \hbox (41.10252pt too wide) in paragraph at lines 62--77
[][] 
 []

[4] [5]
Overfull \hbox (16.46364pt too wide) in paragraph at lines 125--132
[][] 
 []

[6]
Overfull \hbox (39.81483pt too wide) in paragraph at lines 160--161
\OT1/cmr/m/n/12 cutable a fur-ther step is nec-es-sary. Go to the di-rec-tory c
alled []\OT1/cmtt/m/n/12 depSolver/utils/patran2bem
 []

[7] [8] [9] [10] [11]
Overfull \hbox (1.85835pt too wide) in paragraph at lines 331--339
[][] 
 []

[12]
Overfull \hbox (19.17632pt too wide) in paragraph at lines 350--364
[][] 
 []

[13]
Overfull \hbox (59.19672pt too wide) in paragraph at lines 378--379
[]\OT1/cmr/m/n/12 Where []\OT1/cmtt/m/n/12 internalPointsNumber \OT1/cmr/m/n/12
 is the to-tal num-ber of rows in the file []\OT1/cmtt/m/n/12 internalPointsFil
ename\OT1/cmr/m/n/12 ,
 []

[14] [15] [16]
Overfull \hbox (12.15083pt too wide) in paragraph at lines 460--461
\OT1/cmr/m/n/12 To pro-cess the file []\OT1/cmtt/m/n/12 field.dat \OT1/cmr/m/n/
12 you must go into di-rec-tory []\OT1/cmtt/m/n/12 depSolver/utils/fieldPost
 []


Overfull \hbox (21.65622pt too wide) in paragraph at lines 468--475
[][] 
 []

[17]
Overfull \hbox (12.15083pt too wide) in paragraph at lines 496--497
\OT1/cmr/m/n/12 To pro-cess the file []\OT1/cmtt/m/n/12 force.dat \OT1/cmr/m/n/
12 you must go into di-rec-tory []\OT1/cmtt/m/n/12 depSolver/utils/forcePost
 []

[18] [19]
Overfull \hbox (21.65622pt too wide) in paragraph at lines 550--557
[][] 
 []

[20]
Overfull \hbox (50.34975pt too wide) in paragraph at lines 606--606
[]\OT1/cmtt/m/n/10.95 2              //Total number of different materials (nee
ded for force calculation)[] 
 []


Overfull \hbox (38.85237pt too wide) in paragraph at lines 606--606
[]\OT1/cmtt/m/n/10.95 5              //Calculate potential, electric field and 
force in dipolar approx.[] 
 []


Overfull \hbox (27.355pt too wide) in paragraph at lines 606--606
[]\OT1/cmtt/m/n/10.95 10 5.0e-6      //Number of points where the force is obta
ined and sphere radius[] 
 []

[21]
Overfull \hbox (4.36024pt too wide) in paragraph at lines 646--646
[]\OT1/cmtt/m/n/10.95 1        1      0              //Here start the imaginary
 components of the[] 
 []

[22]
Overfull \hbox (24.66193pt too wide) in paragraph at lines 648--649
[]\OT1/cmr/m/n/12 The file con-tain-ing the po-si-tions where the force cal-cu-
la-tion is re-quired, []\OT1/cmtt/m/n/12 forcepoints.bem
 []

[23]
Overfull \hbox (38.85237pt too wide) in paragraph at lines 706--706
[]\OT1/cmtt/m/n/10.95 3              //Potential, field, and force using Maxwel
l's stress tensor method[] 
 []


Overfull \hbox (61.84712pt too wide) in paragraph at lines 721--721
[]\OT1/cmtt/m/n/10.95 8336      -1.476191e-05   1.842516e-05   2.500000e-05    
 //Last node from electrodes[] 
 []


Overfull \hbox (56.09843pt too wide) in paragraph at lines 721--721
[]\OT1/cmtt/m/n/10.95 8337       5.960000e-14   3.750000e-15  -5.000000e-06    
 //First node from particle[] 
 []

[24]
Overfull \hbox (21.60631pt too wide) in paragraph at lines 736--736
[]\OT1/cmtt/m/n/10.95 3904     7488  8336  7489  8032  7487  8024     //Last el
ement from electrodes[] 
 []


Overfull \hbox (15.85762pt too wide) in paragraph at lines 736--736
[]\OT1/cmtt/m/n/10.95 3905     8339  8656  8363  8657  8340  8631     //First e
lement from particle[] 
 []


Overfull \hbox (4.36024pt too wide) in paragraph at lines 762--762
[]\OT1/cmtt/m/n/10.95 8337     0      0        1     //Here start the imaginary
 components of the[] 
 []

[25] [26] [27] [28] [29] <tria3.pdf, id=123, 159.59625pt x 188.705pt>
File: tria3.pdf Graphic file (type pdf)

<use tria3.pdf> <tria6.pdf, id=124, 172.645pt x 192.72pt>
File: tria6.pdf Graphic file (type pdf)
 <use tria6.pdf>
Overfull \hbox (19.44852pt too wide) in paragraph at lines 906--917
[][]   [] 
 []

[30 <./tria3.pdf> <./tria6.pdf>]
<weakly_singular.pdf, id=143, 403.5075pt x 188.705pt>
File: weakly_singular.pdf Graphic file (type pdf)

<use weakly_singular.pdf>
<weakly_singular_t6.pdf, id=144, 651.43375pt x 188.705pt>
File: weakly_singular_t6.pdf Graphic file (type pdf)

<use weakly_singular_t6.pdf> [31]
<strongly_singular.pdf, id=154, 515.9275pt x 188.705pt>
File: strongly_singular.pdf Graphic file (type pdf)

<use strongly_singular.pdf> [32 <./weakly_singular.pdf> <./weakly_singular_t6.p
df>] [33 <./strongly_singular.pdf>] [34] (./dep-electric.aux) ) 
Here is how much of TeX's memory you used:
 1158 strings out of 94501
 14900 string characters out of 1176789
 63508 words of memory out of 1000000
 4354 multiletter control sequences out of 10000+50000
 9653 words of font info for 35 fonts, out of 500000 for 2000
 580 hyphenation exceptions out of 1000
 25i,8n,21p,847b,282s stack positions out of 1500i,500n,5000p,200000b,5000s
PDF statistics:
 184 PDF objects out of 300000
 0 named destinations out of 131072
 26 words of extra memory for PDF output out of 65536
</usr/share/texm
f/fonts/type1/bluesky/cm/cmsy8.pfb></usr/share/texmf/fonts/type1/bluesky/cm/cme
x10.pfb></usr/share/texmf/fonts/type1/bluesky/cm/cmtt10.pfb></usr/share/texmf/f
onts/type1/bluesky/cm/cmmi8.pfb></usr/share/texmf/fonts/type1/bluesky/cm/cmr8.p
fb></usr/share/texmf/fonts/type1/bluesky/cm/cmmi12.pfb></usr/share/texmf/fonts/
type1/bluesky/cm/cmsy10.pfb></usr/share/texmf/fonts/type1/bluesky/cm/cmti12.pfb
></usr/share/texmf/fonts/type1/bluesky/cm/cmr12.pfb></usr/share/texmf/fonts/typ
e1/bluesky/cm/cmbx12.pfb></usr/share/texmf/fonts/type1/bluesky/cm/cmtt12.pfb>
Output written on dep-electric.pdf (35 pages, 171842 bytes).
