********************************************************************************
depSolver Version 2.0.

Copyright 2006, 2008 Carlos Rosales Fernandez and IHPC (A*STAR).
License: GNU GPL version 3 or later <http://gnu.org/licenses/gpl.html>.
This is free software: you are free to change and redistribute it.
There is NO WARRANTY, to the extent permitted by law.
********************************************************************************

depSolver(): started @ Wed Jun 18 11:35:33 2008

Using 9764 nodes and 4444 tria6 elements to solve AC electrostatic problem
Number of interfaces: 2
Number of different materials: 3

depSolver(): performing matrix assembly ...
depSolver(): solving linear system with GMRES ...
depSolver(): performing postProcessing tasks ...

*** depSolver(): performance analysis ***
TIME READING INPUT: 		0.1 seconds
TIME IN ASSEMBLY: 		55.0 seconds
TIME IN SOLVER: 		58.2 seconds
TIME IN POST-PROCESSING: 	10.5 seconds
TOTAL EXECUTION TIME: 	2 m 3.7 s

depSolver(): finished @ Wed Jun 18 11:37:39 2008


********************************************************************************

