This is pdfTeXk, Version 3.141592-1.40.3 (Web2C 7.5.6) (format=pdflatex 2008.4.25)  10 NOV 2008 16:26
entering extended mode
 %&-line parsing enabled.
**dep-electric.tex
(./dep-electric.tex
LaTeX2e <2005/12/01>
Babel <v3.8h> and hyphenation patterns for english, usenglishmax, dumylang, noh
yphenation, croatian, ukrainian, russian, bulgarian, czech, slovak, danish, dut
ch, finnish, basque, french, german, ngerman, ibycus, greek, monogreek, ancient
greek, hungarian, italian, latin, mongolian, norsk, icelandic, interlingua, tur
kish, coptic, romanian, welsh, serbian, slovenian, estonian, esperanto, upperso
rbian, indonesian, polish, portuguese, spanish, catalan, galician, swedish, loa
ded.
(/usr/share/texmf-texlive/tex/latex/base/report.cls
Document Class: report 2005/09/16 v1.4f Standard LaTeX document class
(/usr/share/texmf-texlive/tex/latex/base/size12.clo
File: size12.clo 2005/09/16 v1.4f Standard LaTeX file (size option)
)
\c@part=\count79
\c@chapter=\count80
\c@section=\count81
\c@subsection=\count82
\c@subsubsection=\count83
\c@paragraph=\count84
\c@subparagraph=\count85
\c@figure=\count86
\c@table=\count87
\abovecaptionskip=\skip41
\belowcaptionskip=\skip42
\bibindent=\dimen102
)
(/usr/share/texmf-texlive/tex/latex/graphics/graphicx.sty
Package: graphicx 1999/02/16 v1.0f Enhanced LaTeX Graphics (DPC,SPQR)

(/usr/share/texmf-texlive/tex/latex/graphics/keyval.sty
Package: keyval 1999/03/16 v1.13 key=value parser (DPC)
\KV@toks@=\toks14
)
(/usr/share/texmf-texlive/tex/latex/graphics/graphics.sty
Package: graphics 2006/02/20 v1.0o Standard LaTeX Graphics (DPC,SPQR)

(/usr/share/texmf-texlive/tex/latex/graphics/trig.sty
Package: trig 1999/03/16 v1.09 sin cos tan (DPC)
)
(/etc/texmf/tex/latex/config/graphics.cfg
File: graphics.cfg 2007/01/18 v1.5 graphics configuration of teTeX/TeXLive
)
Package graphics Info: Driver file: pdftex.def on input line 90.

(/usr/share/texmf-texlive/tex/latex/pdftex-def/pdftex.def
File: pdftex.def 2007/01/08 v0.04d Graphics/color for pdfTeX
\Gread@gobject=\count88
))
\Gin@req@height=\dimen103
\Gin@req@width=\dimen104
)
(/usr/share/texmf-texlive/tex/latex/graphics/color.sty
Package: color 2005/11/14 v1.0j Standard LaTeX Color (DPC)

(/etc/texmf/tex/latex/config/color.cfg
File: color.cfg 2007/01/18 v1.5 color configuration of teTeX/TeXLive
)
Package color Info: Driver file: pdftex.def on input line 130.
)
(/usr/share/texmf-texlive/tex/latex/amsfonts/amsfonts.sty
Package: amsfonts 2001/10/25 v2.2f
\@emptytoks=\toks15
\symAMSa=\mathgroup4
\symAMSb=\mathgroup5
LaTeX Font Info:    Overwriting math alphabet `\mathfrak' in version `bold'
(Font)                  U/euf/m/n --> U/euf/b/n on input line 132.
)
(/usr/share/texmf-texlive/tex/latex/tools/longtable.sty
Package: longtable 2004/02/01 v4.11 Multi-page Table package (DPC)
\LTleft=\skip43
\LTright=\skip44
\LTpre=\skip45
\LTpost=\skip46
\LTchunksize=\count89
\LTcapwidth=\dimen105
\LT@head=\box26
\LT@firsthead=\box27
\LT@foot=\box28
\LT@lastfoot=\box29
\LT@cols=\count90
\LT@rows=\count91
\c@LT@tables=\count92
\c@LT@chunks=\count93
\LT@p@ftn=\toks16
) (./dep-electric.aux)
\openout1 = `dep-electric.aux'.

LaTeX Font Info:    Checking defaults for OML/cmm/m/it on input line 43.
LaTeX Font Info:    ... okay on input line 43.
LaTeX Font Info:    Checking defaults for T1/cmr/m/n on input line 43.
LaTeX Font Info:    ... okay on input line 43.
LaTeX Font Info:    Checking defaults for OT1/cmr/m/n on input line 43.
LaTeX Font Info:    ... okay on input line 43.
LaTeX Font Info:    Checking defaults for OMS/cmsy/m/n on input line 43.
LaTeX Font Info:    ... okay on input line 43.
LaTeX Font Info:    Checking defaults for OMX/cmex/m/n on input line 43.
LaTeX Font Info:    ... okay on input line 43.
LaTeX Font Info:    Checking defaults for U/cmr/m/n on input line 43.
LaTeX Font Info:    ... okay on input line 43.

[1

{/var/lib/texmf/fonts/map/pdftex/updmap/pdftex.map}]
<gplv3-127x51.png, id=6, 127.47626pt x 51.19125pt>
File: gplv3-127x51.png Graphic file (type png)
 <use gplv3-127x51.png>
LaTeX Font Info:    Try loading font information for OMS+cmr on input line 79.

(/usr/share/texmf-texlive/tex/latex/base/omscmr.fd
File: omscmr.fd 1999/05/25 v2.5h Standard LaTeX font definitions
)
LaTeX Font Info:    Font shape `OMS/cmr/m/n' in size <12> not available
(Font)              Font shape `OMS/cmsy/m/n' tried instead on input line 79.
 [2 <./gplv3-127x51.png>]
[1] [2] (./dep-electric.toc
LaTeX Font Info:    Try loading font information for U+msa on input line 3.

(/usr/share/texmf-texlive/tex/latex/amsfonts/umsa.fd
File: umsa.fd 2002/01/19 v2.2g AMS font definitions
)
LaTeX Font Info:    Try loading font information for U+msb on input line 3.

(/usr/share/texmf-texlive/tex/latex/amsfonts/umsb.fd
File: umsb.fd 2002/01/19 v2.2g AMS font definitions
) [3

] [4])
\tf@toc=\write3
\openout3 = `dep-electric.toc'.

 [5] [6] [1

]
[2]
Chapter 1.
[3

]
Overfull \hbox (111.07957pt too wide) in paragraph at lines 156--172
[][] 
 []

[4] [5]
Overfull \hbox (16.46364pt too wide) in paragraph at lines 234--242
[][]
 []

[6]
Chapter 2.
[7

] [8] [9] [10] [11]
Chapter 3.
[12

] [13] [14] [15] [16]
Overfull \hbox (19.17632pt too wide) in paragraph at lines 474--488
[][] 
 []

[17]
Overfull \hbox (1.50507pt too wide) in paragraph at lines 504--505
[][][][]  
 []


Overfull \hbox (22.97209pt too wide) in paragraph at lines 506--507
[][]\OT1/cmtt/m/n/12 internalPointsNumber \OT1/cmr/m/n/12 is the to-tal num-ber
 of rows in the file []\OT1/cmtt/m/n/12 internalPointsFilename\OT1/cmr/m/n/12 ,

 []

[18] [19] [20]
Chapter 4.

Overfull \hbox (21.75504pt too wide) in paragraph at lines 564--565
\OT1/cmr/m/n/12 In the di-rec-tory []\OT1/cmtt/m/n/12 depSolver/utils/gplotForm
at \OT1/cmr/m/n/12 there is an ex-e-cutable called []\OT1/cmtt/m/n/12 gplotForm

 []

[21

]

LaTeX Warning: Reference `meshgen' on page 22 undefined on input line 572.


Overfull \hbox (12.15083pt too wide) in paragraph at lines 601--602
\OT1/cmr/m/n/12 To pro-cess the file []\OT1/cmtt/m/n/12 field.dat \OT1/cmr/m/n/
12 you must go into di-rec-tory []\OT1/cmtt/m/n/12 depSolver/utils/fieldPost
 []

[22]
Overfull \hbox (21.65622pt too wide) in paragraph at lines 609--616
[][] 
 []


Overfull \hbox (12.15083pt too wide) in paragraph at lines 637--638
\OT1/cmr/m/n/12 To pro-cess the file []\OT1/cmtt/m/n/12 force.dat \OT1/cmr/m/n/
12 you must go into di-rec-tory []\OT1/cmtt/m/n/12 depSolver/utils/forcePost
 []

[23] [24]
Overfull \hbox (21.65622pt too wide) in paragraph at lines 691--698
[][] 
 []

[25] [26]
Chapter 5.
[27

] [28] [29

] [30]
Chapter 6.
<ibem_domain.pdf, id=132, 251.94125pt x 194.7275pt>
File: ibem_domain.pdf Graphic file (type pdf)
 <use ibem_domain.pdf>
[31

] [32 <./ibem_domain.pdf>] [33] [34]
<ibem_domain_poisson.pdf, id=154, 252.945pt x 194.7275pt>
File: ibem_domain_poisson.pdf Graphic file (type pdf)

<use ibem_domain_poisson.pdf> [35 <./ibem_domain_poisson.pdf>]
Overfull \hbox (18.341pt too wide) detected at line 846
\OML/cmm/m/it/12 ^^^\OT1/cmr/m/n/12 ([]) + [][] [] = [][] [] \OMS/cmsy/m/n/12 ^
^@ [][] []
 []

[36] [37

] [38]
Chapter 7.
<tria3.pdf, id=174, 176.66pt x 199.74625pt>
File: tria3.pdf Graphic file (type pdf)
 <use tria3.pdf>
<tria6.pdf, id=175, 176.66pt x 199.74625pt>
File: tria6.pdf Graphic file (type pdf)
 <use tria6.pdf>
Overfull \hbox (19.44852pt too wide) in paragraph at lines 864--875
[][]   [] 
 []

[39

 <./tria3.pdf> <./tria6.pdf>] [40]
Chapter 8.
[41

] <weakly_singular.pdf, id=194, 398.48875pt x 199.74625pt>
File: weakly_singular.pdf Graphic file (type pdf)

<use weakly_singular.pdf>
<weakly_singular_t6.pdf, id=195, 651.43375pt x 199.74625pt>
File: weakly_singular_t6.pdf Graphic file (type pdf)

<use weakly_singular_t6.pdf> [42 <./weakly_singular.pdf> <./weakly_singular_t6.
pdf>] <strongly_singular.pdf, id=207, 561.09625pt x 199.74625pt>
File: strongly_singular.pdf Graphic file (type pdf)

<use strongly_singular.pdf> [43 <./strongly_singular.pdf>] [44] [45] [46]
Chapter 9.
<ibem_laplace.pdf, id=224, 449.68pt x 381.425pt>
File: ibem_laplace.pdf Graphic file (type pdf)
 <use ibem_laplace.pdf>
[47

] [48 <./ibem_laplace.pdf>] [49] [50] [51] [52] [53] [54]
Overfull \hbox (6.16006pt too wide) in paragraph at lines 1222--1223
[]\OT1/cmr/m/n/12 And we can iso-late the imag-i-nary part of $\OML/cmm/m/it/12
 ^^Z[]\OT1/cmr/m/n/12 (\OML/cmm/m/it/12 x\OT1/cmr/m/n/12 )$ on the left by sub-
tract-ing (9.50[])$\OMS/cmsy/m/n/12 ^^B\OML/cmm/m/it/12 !\OT1/cmr/m/n/12 (\OML/
cmm/m/it/12 "[] \OT1/cmr/m/n/12 +
 []

[55] [56] [57] [58] [59] [60]
Appendix A.
[61

] [62] [63] [64] (./dep-electric.bbl
Underfull \hbox (badness 1082) in paragraph at lines 33--37
[]\OT1/cmr/m/n/12 Doxygen is an open source au-to-matic doc-u-men-ta-tion tool 
for a mul-ti-
 []

[65

]) [66] (./dep-electric.aux)

LaTeX Warning: There were undefined references.

 ) 
Here is how much of TeX's memory you used:
 971 strings out of 94101
 12339 string characters out of 1165810
 62332 words of memory out of 1500000
 4253 multiletter control sequences out of 10000+50000
 11555 words of font info for 43 fonts, out of 1200000 for 2000
 637 hyphenation exceptions out of 8191
 25i,10n,22p,855b,268s stack positions out of 5000i,500n,6000p,200000b,5000s
</usr/share/texmf-texlive/fonts/type1/bluesky/cm/cmbx12.pfb></usr/share/texmf
-texlive/fonts/type1/bluesky/cm/cmex10.pfb></usr/share/texmf-texlive/fonts/type
1/bluesky/cm/cmmi12.pfb></usr/share/texmf-texlive/fonts/type1/bluesky/cm/cmmi8.
pfb></usr/share/texmf-texlive/fonts/type1/bluesky/cm/cmr12.pfb></usr/share/texm
f-texlive/fonts/type1/bluesky/cm/cmr6.pfb></usr/share/texmf-texlive/fonts/type1
/bluesky/cm/cmr8.pfb></usr/share/texmf-texlive/fonts/type1/bluesky/cm/cmsy10.pf
b></usr/share/texmf-texlive/fonts/type1/bluesky/cm/cmsy8.pfb></usr/share/texmf-
texlive/fonts/type1/bluesky/cm/cmti12.pfb></usr/share/texmf-texlive/fonts/type1
/bluesky/cm/cmtt12.pfb></usr/share/texmf-texlive/fonts/type1/bluesky/ams/msbm10
.pfb>
Output written on dep-electric.pdf (74 pages, 233130 bytes).
PDF statistics:
 337 PDF objects out of 1000 (max. 8388607)
 0 named destinations out of 1000 (max. 131072)
 46 words of extra memory for PDF output out of 10000 (max. 10000000)

